<?xml version="1.0" encoding="UTF-8"?>
<!-- Generated by org.testng.reporters.JUnitReportReporter -->
<testsuite skipped="0" hostname="Buraks-MBP.local.tld" name="api.scripts.pet_store.PetStore" tests="1" failures="0" timestamp="2023-07-26T19:53:32 CDT" time="1.044" errors="0">
  <testcase name="petStoreAPI" time="1.044" classname="api.scripts.pet_store.PetStore"/>
  <system-out/>
</testsuite> <!-- api.scripts.pet_store.PetStore -->
