<?xml version="1.0" encoding="UTF-8"?>
<!-- Generated by org.testng.reporters.JUnitReportReporter -->
<testsuite skipped="0" hostname="Buraks-MBP.local.tld" name="api.scripts.go_rest.GoRest" tests="1" failures="0" timestamp="2023-07-26T15:24:04 CDT" time="6.989" errors="0">
  <testcase name="GoRestCRUD" time="6.989" classname="api.scripts.go_rest.GoRest"/>
  <system-out/>
</testsuite> <!-- api.scripts.go_rest.GoRest -->
