<?xml version="1.0" encoding="UTF-8"?>
<!-- Generated by org.testng.reporters.JUnitReportReporter -->
<testsuite skipped="0" hostname="Buraks-MBP.local.tld" name="api.scripts.go_rest.GoRestWithLombok" tests="1" failures="0" timestamp="2023-07-26T19:53:32 CDT" time="3.965" errors="0">
  <testcase name="goRestCRUDWithLombok" time="3.965" classname="api.scripts.go_rest.GoRestWithLombok"/>
  <system-out/>
</testsuite> <!-- api.scripts.go_rest.GoRestWithLombok -->
