<?xml version="1.0" encoding="UTF-8"?>
<!-- Generated by org.testng.reporters.JUnitReportReporter -->
<testsuite skipped="0" hostname="Buraks-MBP.local.tld" name="api.scripts.tg_school.TGApplicationAPI" tests="1" failures="0" timestamp="2023-07-26T15:24:04 CDT" time="1.182" errors="0">
  <testcase name="TGAPIProject" time="1.182" classname="api.scripts.tg_school.TGApplicationAPI"/>
  <system-out/>
</testsuite> <!-- api.scripts.tg_school.TGApplicationAPI -->
