<?xml version="1.0" encoding="UTF-8"?>
<!-- Generated by org.testng.reporters.JUnitReportReporter -->
<testsuite skipped="0" hostname="Buraks-MBP.local.tld" name="api.scripts.tg_school.APIProject02" tests="1" failures="0" timestamp="2023-07-26T15:24:04 CDT" time="2.038" errors="0">
  <testcase name="APIProject02" time="2.038" classname="api.scripts.tg_school.APIProject02"/>
  <system-out/>
</testsuite> <!-- api.scripts.tg_school.APIProject02 -->
